[    5421ms] [ERROR] Refused to get unsafe header "X-Sg-Cs" @ https://www.google.com/search?q=vercell&rlz=1C5CHFA_enRO1122RO1122&oq=vercell&gs_lcrp=EgZjaHJvbWUyBggAEEUYOTIRCAEQLhgKGAsYxwEY0QMYgAQyBwgCEC4YgAQyCwgDEAAYChgLGIAEMgsIBBAAGAoYCxiABDILCAUQABgKGAsYgAQyCwgGEAAYChgLGIAEMgsIBxAAGAoYCxiABDILCAgQABgKGAsYgATSAQgyMjUxajBqN6gCALACAA&sourceid=chrome&ie=UTF-8:71
[    5421ms] [ERROR] Refused to get unsafe header "X-Sorry-Redirect" @ https://www.google.com/search?q=vercell&rlz=1C5CHFA_enRO1122RO1122&oq=vercell&gs_lcrp=EgZjaHJvbWUyBggAEEUYOTIRCAEQLhgKGAsYxwEY0QMYgAQyBwgCEC4YgAQyCwgDEAAYChgLGIAEMgsIBBAAGAoYCxiABDILCAUQABgKGAsYgAQyCwgGEAAYChgLGIAEMgsIBxAAGAoYCxiABDILCAgQABgKGAsYgATSAQgyMjUxajBqN6gCALACAA&sourceid=chrome&ie=UTF-8:71
[    5658ms] [ERROR] Refused to get unsafe header "X-Sg-Cs" @ https://www.google.com/search?q=vercell&rlz=1C5CHFA_enRO1122RO1122&oq=vercell&gs_lcrp=EgZjaHJvbWUyBggAEEUYOTIRCAEQLhgKGAsYxwEY0QMYgAQyBwgCEC4YgAQyCwgDEAAYChgLGIAEMgsIBBAAGAoYCxiABDILCAUQABgKGAsYgAQyCwgGEAAYChgLGIAEMgsIBxAAGAoYCxiABDILCAgQABgKGAsYgATSAQgyMjUxajBqN6gCALACAA&sourceid=chrome&ie=UTF-8:71
[    5658ms] [ERROR] Refused to get unsafe header "X-Sorry-Redirect" @ https://www.google.com/search?q=vercell&rlz=1C5CHFA_enRO1122RO1122&oq=vercell&gs_lcrp=EgZjaHJvbWUyBggAEEUYOTIRCAEQLhgKGAsYxwEY0QMYgAQyBwgCEC4YgAQyCwgDEAAYChgLGIAEMgsIBBAAGAoYCxiABDILCAUQABgKGAsYgAQyCwgGEAAYChgLGIAEMgsIBxAAGAoYCxiABDILCAgQABgKGAsYgATSAQgyMjUxajBqN6gCALACAA&sourceid=chrome&ie=UTF-8:71
[    5736ms] [ERROR] Refused to get unsafe header "X-Sg-Cs" @ https://www.google.com/search?q=vercell&rlz=1C5CHFA_enRO1122RO1122&oq=vercell&gs_lcrp=EgZjaHJvbWUyBggAEEUYOTIRCAEQLhgKGAsYxwEY0QMYgAQyBwgCEC4YgAQyCwgDEAAYChgLGIAEMgsIBBAAGAoYCxiABDILCAUQABgKGAsYgAQyCwgGEAAYChgLGIAEMgsIBxAAGAoYCxiABDILCAgQABgKGAsYgATSAQgyMjUxajBqN6gCALACAA&sourceid=chrome&ie=UTF-8:71
[    5736ms] [ERROR] Refused to get unsafe header "X-Sorry-Redirect" @ https://www.google.com/search?q=vercell&rlz=1C5CHFA_enRO1122RO1122&oq=vercell&gs_lcrp=EgZjaHJvbWUyBggAEEUYOTIRCAEQLhgKGAsYxwEY0QMYgAQyBwgCEC4YgAQyCwgDEAAYChgLGIAEMgsIBBAAGAoYCxiABDILCAUQABgKGAsYgAQyCwgGEAAYChgLGIAEMgsIBxAAGAoYCxiABDILCAgQABgKGAsYgATSAQgyMjUxajBqN6gCALACAA&sourceid=chrome&ie=UTF-8:71
[    6204ms] [ERROR] Loading the font 'https://lishhsx6kmthaacj.public.blob.vercel-storage.com/fonts/dseg7classic-bold.counter.woff2' violates the following Content Security Policy directive: "font-src 'self' vercel.com assets.vercel.com vercel.live fonts.gstatic.com *.vercel.sh". The action has been blocked. @ https://vercel.com/:27
[    6371ms] [LOG] %c
▲

__  __                                     _            __
\ \/ /___  __  __   _________ _____       (_)_  _______/ /_
 \  / __ \/ / / /  / ___/ __ `/ __ \     / / / / / ___/ __/
 / / /_/ / /_/ /  / /__/ /_/ / / / /    / / /_/ (__  ) /_
/_/\____/\__,_/   \___/\__,_/_/ /_/  __/ /\__,_/____/\__/
         __    _          __  __    /___/
   _____/ /_  (_)___     / /_/ /_  (_)___  ____ ______
  / ___/ __ \/ / __ \   / __/ __ \/ / __ \/ __ `/ ___/
 (__  ) / / / / /_/ /  / /_/ / / / / / / / /_/ (__  )
/____/_/ /_/_/ .___/   \__/_/ /_/_/_/ /_/\__, /____/
            /_/                         /____/
  

Hello!

- Open Source https://vercel.com/oss
- Careers https://vercel.com/careers
- Status https://vercel-status.com

 font-family: "Geist Mono", monospace; white-space: pre; line-height: 1; @ https://vercel.com/vc-ap-vercel-marketing/_next/static/immutable/chunks/2mnb_2cmj_0ct.js:78
[    6572ms] [ERROR] Loading the image 'https://py8fhxnkzwtsqdo9.public.blob.vercel-storage.com/front/favicon/vercel/android-chrome-192x192.png' violates the following Content Security Policy directive: "img-src 'self' blob: data: *.github.io avatars.githubusercontent.com user-images.githubusercontent.com vercel.com vercel.live *.vercel.sh assets.vercel.com cdn.raster.app https://images.ctfassets.net https://www.google.com https://i.ytimg.com https://s3.amazonaws.com pbs.twimg.com https://www.gravatar.com https://lishhsx6kmthaacj.public.blob.vercel-storage.com". The action has been blocked. @ https://vercel.com/:0
[    6583ms] [WARNING] Error while trying to use the following icon from the Manifest: https://py8fhxnkzwtsqdo9.public.blob.vercel-storage.com/front/favicon/vercel/android-chrome-192x192.png (Download error or resource isn't a valid image) @ https://vercel.com/:0
[    6884ms] [WARNING] Deprecated API for given entry type. @ https://vercel.com/vc-ap-vercel-marketing/_next/static/immutable/chunks/1pfcdutxuso7w.js:18
[    6998ms] [ERROR] Failed to load resource: the server responded with a status of 403 () @ https://vercel.com/api/jwt:0
[   10113ms] [ERROR] Refused to get unsafe header "X-Sg-Cs" @ https://www.google.com/search?q=vercell&rlz=1C5CHFA_enRO1122RO1122&oq=vercell&gs_lcrp=EgZjaHJvbWUyBggAEEUYOTIRCAEQLhgKGAsYxwEY0QMYgAQyBwgCEC4YgAQyCwgDEAAYChgLGIAEMgsIBBAAGAoYCxiABDILCAUQABgKGAsYgAQyCwgGEAAYChgLGIAEMgsIBxAAGAoYCxiABDILCAgQABgKGAsYgATSAQgyMjUxajBqN6gCALACAA&sourceid=chrome&ie=UTF-8:71
[   10113ms] [ERROR] Refused to get unsafe header "X-Sorry-Redirect" @ https://www.google.com/search?q=vercell&rlz=1C5CHFA_enRO1122RO1122&oq=vercell&gs_lcrp=EgZjaHJvbWUyBggAEEUYOTIRCAEQLhgKGAsYxwEY0QMYgAQyBwgCEC4YgAQyCwgDEAAYChgLGIAEMgsIBBAAGAoYCxiABDILCAUQABgKGAsYgAQyCwgGEAAYChgLGIAEMgsIBxAAGAoYCxiABDILCAgQABgKGAsYgATSAQgyMjUxajBqN6gCALACAA&sourceid=chrome&ie=UTF-8:71
[   10381ms] [ERROR] Refused to get unsafe header "X-Sg-Cs" @ https://www.google.com/search?q=vercell&rlz=1C5CHFA_enRO1122RO1122&oq=vercell&gs_lcrp=EgZjaHJvbWUyBggAEEUYOTIRCAEQLhgKGAsYxwEY0QMYgAQyBwgCEC4YgAQyCwgDEAAYChgLGIAEMgsIBBAAGAoYCxiABDILCAUQABgKGAsYgAQyCwgGEAAYChgLGIAEMgsIBxAAGAoYCxiABDILCAgQABgKGAsYgATSAQgyMjUxajBqN6gCALACAA&sourceid=chrome&ie=UTF-8:71
[   10381ms] [ERROR] Refused to get unsafe header "X-Sorry-Redirect" @ https://www.google.com/search?q=vercell&rlz=1C5CHFA_enRO1122RO1122&oq=vercell&gs_lcrp=EgZjaHJvbWUyBggAEEUYOTIRCAEQLhgKGAsYxwEY0QMYgAQyBwgCEC4YgAQyCwgDEAAYChgLGIAEMgsIBBAAGAoYCxiABDILCAUQABgKGAsYgAQyCwgGEAAYChgLGIAEMgsIBxAAGAoYCxiABDILCAgQABgKGAsYgATSAQgyMjUxajBqN6gCALACAA&sourceid=chrome&ie=UTF-8:71
[   12003ms] [ERROR] Refused to get unsafe header "X-Sg-Cs" @ https://www.google.com/search?q=vercell&rlz=1C5CHFA_enRO1122RO1122&oq=vercell&gs_lcrp=EgZjaHJvbWUyBggAEEUYOTIRCAEQLhgKGAsYxwEY0QMYgAQyBwgCEC4YgAQyCwgDEAAYChgLGIAEMgsIBBAAGAoYCxiABDILCAUQABgKGAsYgAQyCwgGEAAYChgLGIAEMgsIBxAAGAoYCxiABDILCAgQABgKGAsYgATSAQgyMjUxajBqN6gCALACAA&sourceid=chrome&ie=UTF-8:71
[   12003ms] [ERROR] Refused to get unsafe header "X-Sorry-Redirect" @ https://www.google.com/search?q=vercell&rlz=1C5CHFA_enRO1122RO1122&oq=vercell&gs_lcrp=EgZjaHJvbWUyBggAEEUYOTIRCAEQLhgKGAsYxwEY0QMYgAQyBwgCEC4YgAQyCwgDEAAYChgLGIAEMgsIBBAAGAoYCxiABDILCAUQABgKGAsYgAQyCwgGEAAYChgLGIAEMgsIBxAAGAoYCxiABDILCAgQABgKGAsYgATSAQgyMjUxajBqN6gCALACAA&sourceid=chrome&ie=UTF-8:71
